<?xml version="1.0" encoding="UTF-8"?>
<!-- Generated by org.testng.reporters.JUnitReportReporter -->
<testsuite skipped="0" hostname="Lokeshs-MacBook-Pro.local" name="learning.UiCatlog" tests="1" failures="0" timestamp="2021-05-16T15:56:43 IST" time="49.666" errors="0">
  <testcase name="runTC" time="49.666" classname="learning.UiCatlog"/>
  <system-out/>
</testsuite> <!-- learning.UiCatlog -->
