<?xml version="1.0" encoding="UTF-8"?>
<!-- Generated by org.testng.reporters.JUnitReportReporter -->
<testsuite skipped="0" hostname="Lokeshs-MacBook-Pro.local" name="learning.LearnParallel1" tests="1" failures="0" timestamp="2021-05-16T17:41:46 IST" time="49.320" errors="0">
  <testcase name="runTC" time="49.320" classname="learning.LearnParallel1"/>
  <system-out/>
</testsuite> <!-- learning.LearnParallel1 -->
