<?xml version="1.0" encoding="UTF-8"?>
<!-- Generated by org.testng.reporters.JUnitReportReporter -->
<testsuite skipped="0" hostname="Lokeshs-MacBook-Pro.local" name="learning.LearnParallel2" tests="1" failures="0" timestamp="2021-05-16T17:41:41 IST" time="46.641" errors="0">
  <testcase name="runTC" time="46.641" classname="learning.LearnParallel2"/>
  <system-out/>
</testsuite> <!-- learning.LearnParallel2 -->
