<?xml version="1.0" encoding="UTF-8"?>
<!-- Generated by org.testng.reporters.JUnitReportReporter -->
<testsuite skipped="0" hostname="Lokeshs-MacBook-Pro.local" name="testCases.TC001_Login_Real_Device" tests="2" failures="0" timestamp="2021-05-16T17:57:05 IST" time="64.947" errors="0">
  <testcase name="login" time="29.305" classname="testCases.TC001_Login_Real_Device"/>
  <system-out/>
  <testcase name="login" time="35.642" classname="testCases.TC001_Login_Real_Device"/>
  <system-out/>
</testsuite> <!-- testCases.TC001_Login_Real_Device -->
