<?xml version="1.0" encoding="UTF-8"?>
<!-- Generated by org.testng.reporters.JUnitReportReporter -->
<testsuite skipped="0" hostname="Lokeshs-MacBook-Pro.local" name="testCases.TC001_Login_Real_Device2" tests="6" failures="0" timestamp="2021-05-16T18:44:41 IST" time="182.554" errors="0">
  <testcase name="login" time="32.358" classname="testCases.TC001_Login_Real_Device2"/>
  <system-out/>
  <testcase name="login3" time="30.194" classname="testCases.TC001_Login_Real_Device2"/>
  <system-out/>
  <testcase name="login2" time="30.075" classname="testCases.TC001_Login_Real_Device2"/>
  <system-out/>
  <testcase name="login3" time="33.362" classname="testCases.TC001_Login_Real_Device2"/>
  <system-out/>
  <testcase name="login" time="28.897" classname="testCases.TC001_Login_Real_Device2"/>
  <system-out/>
  <testcase name="login2" time="27.668" classname="testCases.TC001_Login_Real_Device2"/>
  <system-out/>
</testsuite> <!-- testCases.TC001_Login_Real_Device2 -->
