<?xml version="1.0" encoding="UTF-8"?>
<!-- Generated by org.testng.reporters.JUnitReportReporter -->
<testsuite skipped="0" hostname="Lokeshs-MacBook-Pro.local" name="testCases.TC001_Login_Emulator_Device" tests="1" failures="0" timestamp="2021-05-15T12:40:24 IST" time="24.700" errors="0">
  <testcase name="login" time="24.700" classname="testCases.TC001_Login_Emulator_Device"/>
  <system-out/>
</testsuite> <!-- testCases.TC001_Login_Emulator_Device -->
