<?xml version="1.0" encoding="UTF-8"?>
<!-- Generated by org.testng.reporters.JUnitReportReporter -->
<testsuite skipped="0" hostname="Lokeshs-MacBook-Pro.local" name="learning.LearnWebView" tests="1" failures="0" timestamp="2021-05-16T17:14:28 IST" time="37.887" errors="0">
  <testcase name="runTC" time="37.887" classname="learning.LearnWebView"/>
  <system-out/>
</testsuite> <!-- learning.LearnWebView -->
