<?xml version="1.0" encoding="UTF-8"?>
<!-- Generated by org.testng.reporters.JUnitReportReporter -->
<testsuite skipped="0" hostname="Lokeshs-MacBook-Pro.local" name="learning.PickerViewLearning" tests="1" failures="0" timestamp="2021-05-16T16:38:33 IST" time="27.344" errors="0">
  <testcase name="runTC" time="27.344" classname="learning.PickerViewLearning"/>
  <system-out/>
</testsuite> <!-- learning.PickerViewLearning -->
